(1506785521.116570) can0 052#3D2000
(1506785521.116670) can0 310#20FEFF00
(1506785521.126827) can0 052#3D5F00
(1506785521.126916) can0 310#5F010000
(1506785521.127112) can0 052#3D3000
(1506785521.127284) can0 310#30000000
(1506785521.129145) can0 030#00003500000000
(1506785521.129231) can0 231#0000000000000000
(1506785521.134777) can0 032#0000000000000000
(1506785521.138306) can0 052#3D4800
(1506785521.138333) can0 310#48C60100
(1506785521.149457) can0 052#3D3000
(1506785521.149540) can0 310#30000000
(1506785521.150089) can0 030#00003400000000
(1506785521.150294) can0 230#19844350CB770000
(1506785521.150592) can0 231#0000000000000000
(1506785521.155798) can0 032#0000000000000000
(1506785521.160707) can0 052#3D4900
(1506785521.160782) can0 310#494F2C00
(1506785521.162520) can0 521#000F00000000
(1506785521.162674) can0 526#050F00000000
(1506785521.162902) can0 528#070F6D020000
(1506785521.165103) can0 522#010F00000EF3
(1506785521.170151) can0 051#0042000000C28000
(1506785521.170629) can0 161#018000017200B980
(1506785521.170916) can0 052#3D4A00
(1506785521.171152) can0 030#00003500000000
(1506785521.171299) can0 310#4AB53E00
(1506785521.171573) can0 231#0000000000000000
(1506785521.176823) can0 032#0000000000000000
(1506785521.180108) can0 070#80
(1506785521.182246) can0 052#3D3000
(1506785521.182338) can0 310#30000000
(1506785521.182542) can0 052#3D4B00
(1506785521.182715) can0 310#4B3F2F00
(1506785521.192251) can0 030#00003500000000
